Date: Sun Mar  1 02:25:38 UTC 2026
Last commit: 5d9187771a561b18c559fd8b34c941aa1d62bc76
Author: Cristian Bravo
Message: Update author name in README.md
----------------------------------------
Date: Sun Mar  1 05:51:41 UTC 2026
Last commit: 9c159368a113a1960ebb6ef5614b997bab20b7e1
Author: github-actions
Message: chore: daily code check log
----------------------------------------
Date: Mon Mar  2 05:52:50 UTC 2026
Last commit: 48d246d084d9ce41c86487f3c24b6e6d83be2865
Author: github-actions
Message: chore: daily code check log
----------------------------------------
Date: Tue Mar  3 05:49:40 UTC 2026
Last commit: bbffe5e457592c5832887e773b17ea70d68c7d68
Author: github-actions
Message: chore: daily code check log
----------------------------------------
Date: Wed Mar  4 05:42:55 UTC 2026
Last commit: 45cf950d1cbe0a662dfa1f20b03adcd8fddbf248
Author: github-actions
Message: chore: daily code check log
----------------------------------------
